<?xml version="1.0" encoding="utf-8" ?>
<!DOCTYPE html PUBLIC "-//W3C//DTD XHTML 1.0 Strict//EN"
        "http://www.w3.org/TR/xhtml1/DTD/xhtml1-strict.dtd">
<html xmlns="http://www.w3.org/1999/xhtml" xml:lang="" lang="">
<head>
  <title>Test Results Report - Car Price Test</title>
  <meta http-equiv="Content-Type" content="text/html;charset=utf-8" />
  <meta name="description" content="TestNG unit test results." />
  <link href="reportng.css" rel="stylesheet" type="text/css" />
    <script type="text/javascript" src="reportng.js"></script>
</head>
<body>
<h1>Car Price Test</h1>
<p>
  Test duration: 44.503s
</p>



  <table class="resultsTable">
    <tr><th colspan="3" class="header failed">Failed Tests</th></tr>
          <tr>
        <td colspan="3" class="group">testcases.CarPriceTest</td>
      </tr>
            
<tr>
  <td class="method">
                  findCarTest
      </td>
  <td class="duration">
    27.808s
  </td>
  <td class="result">
        
          <i>Method arguments: </i><span class="arguments">"Toyota", "chrome", "Y"</span><br />
    
            <div class="testOutput">
                        <a href=Sun_Apr_04_22_15_38_IST_2021.jpg target="_blank">Screenshot link</a>
                                <br>
                                <a href=Sun_Apr_04_22_15_38_IST_2021.jpg target="_blank"><img src=Sun_Apr_04_22_15_38_IST_2021.jpg height=200 width=200></a>
                  </div>
    

        <a href="javascript:toggleElement('exception-0', 'block')" title="Click to expand/collapse"><b>org.openqa.selenium.NoSuchElementException: no such element: Unable to locate element: {&quot;method&quot;:&quot;xpath&quot;,&quot;selector&quot;:&quot;//*[@id=&quot;root&quot;]/div[2]/div[2]/div/h1&quot;}<br/>
&nbsp; (Session info: chrome=89.0.4389.114)<br/>
For documentation on this error, please visit: https://www.seleniumhq.org/exceptions/no_such_element.html<br/>
Build info: version: &apos;3.141.59&apos;, revision: &apos;e82be7d358&apos;, time: &apos;2018-11-14T08:17:03&apos;<br/>
System info: host: &apos;DESKTOP-U49T2LA&apos;, ip: &apos;192.168.0.24&apos;, os.name: &apos;Windows 10&apos;, os.arch: &apos;amd64&apos;, os.version: &apos;10.0&apos;, java.version: &apos;11.0.8&apos;<br/>
Driver info: org.openqa.selenium.chrome.ChromeDriver<br/>
Capabilities {acceptInsecureCerts: false, browserName: chrome, browserVersion: 89.0.4389.114, chrome: {chromedriverVersion: 89.0.4389.23 (61b08ee2c5002..., userDataDir: C:\Users\CEPL\AppData\Local...}, goog:chromeOptions: {debuggerAddress: localhost:51414}, javascriptEnabled: true, networkConnectionEnabled: false, pageLoadStrategy: normal, platform: WINDOWS, platformName: WINDOWS, proxy: Proxy(), setWindowRect: true, strictFileInteractability: false, timeouts: {implicit: 0, pageLoad: 300000, script: 30000}, unhandledPromptBehavior: dismiss and notify, webauthn:extension:largeBlob: true, webauthn:virtualAuthenticators: true}<br/>
Session ID: 284ee06c0a956ade01303b3e6e3beda8<br/>
*** Element info: {Using=xpath, value=//*[@id=&quot;root&quot;]/div[2]/div[2]/div/h1}</b></a><br />
    <div class="stackTrace" id="exception-0">
              java.base/jdk.internal.reflect.NativeConstructorAccessorImpl.newInstance0(Native Method)<br />
              java.base/jdk.internal.reflect.NativeConstructorAccessorImpl.newInstance(NativeConstructorAccessorImpl.java:62)<br />
              java.base/jdk.internal.reflect.DelegatingConstructorAccessorImpl.newInstance(DelegatingConstructorAccessorImpl.java:45)<br />
              java.base/java.lang.reflect.Constructor.newInstance(Constructor.java:490)<br />
              org.openqa.selenium.remote.http.W3CHttpResponseCodec.createException(W3CHttpResponseCodec.java:187)<br />
              org.openqa.selenium.remote.http.W3CHttpResponseCodec.decode(W3CHttpResponseCodec.java:122)<br />
              org.openqa.selenium.remote.http.W3CHttpResponseCodec.decode(W3CHttpResponseCodec.java:49)<br />
              org.openqa.selenium.remote.HttpCommandExecutor.execute(HttpCommandExecutor.java:158)<br />
              org.openqa.selenium.remote.service.DriverCommandExecutor.execute(DriverCommandExecutor.java:83)<br />
              org.openqa.selenium.remote.RemoteWebDriver.execute(RemoteWebDriver.java:552)<br />
              org.openqa.selenium.remote.RemoteWebDriver.findElement(RemoteWebDriver.java:323)<br />
              org.openqa.selenium.remote.RemoteWebDriver.findElementByXPath(RemoteWebDriver.java:428)<br />
              org.openqa.selenium.By$ByXPath.findElement(By.java:353)<br />
              org.openqa.selenium.remote.RemoteWebDriver.findElement(RemoteWebDriver.java:315)<br />
              org.openqa.selenium.support.pagefactory.DefaultElementLocator.findElement(DefaultElementLocator.java:69)<br />
              org.openqa.selenium.support.pagefactory.internal.LocatingElementHandler.invoke(LocatingElementHandler.java:38)<br />
              com.sun.proxy.$Proxy13.getText(Unknown Source)<br />
              base.CarBase.getCarTitle(CarBase.java:31)<br />
              testcases.CarPriceTest.findCarTest(CarPriceTest.java:46)<br />
              java.base/jdk.internal.reflect.NativeMethodAccessorImpl.invoke0(Native Method)<br />
              java.base/jdk.internal.reflect.NativeMethodAccessorImpl.invoke(NativeMethodAccessorImpl.java:62)<br />
              java.base/jdk.internal.reflect.DelegatingMethodAccessorImpl.invoke(DelegatingMethodAccessorImpl.java:43)<br />
              java.base/java.lang.reflect.Method.invoke(Method.java:566)<br />
              org.testng.internal.MethodInvocationHelper.invokeMethod(MethodInvocationHelper.java:124)<br />
              org.testng.internal.Invoker.invokeMethod(Invoker.java:583)<br />
              org.testng.internal.Invoker.invokeTestMethod(Invoker.java:719)<br />
              org.testng.internal.Invoker.invokeTestMethods(Invoker.java:989)<br />
              org.testng.internal.TestMethodWorker.invokeTestMethods(TestMethodWorker.java:125)<br />
              org.testng.internal.TestMethodWorker.run(TestMethodWorker.java:109)<br />
              org.testng.TestRunner.privateRun(TestRunner.java:648)<br />
              org.testng.TestRunner.run(TestRunner.java:505)<br />
              org.testng.SuiteRunner.runTest(SuiteRunner.java:455)<br />
              org.testng.SuiteRunner.runSequentially(SuiteRunner.java:450)<br />
              org.testng.SuiteRunner.privateRun(SuiteRunner.java:415)<br />
              org.testng.SuiteRunner.run(SuiteRunner.java:364)<br />
              org.testng.SuiteRunnerWorker.runSuite(SuiteRunnerWorker.java:52)<br />
              org.testng.SuiteRunnerWorker.run(SuiteRunnerWorker.java:84)<br />
              org.testng.TestNG.runSuitesSequentially(TestNG.java:1208)<br />
              org.testng.TestNG.runSuitesLocally(TestNG.java:1137)<br />
              org.testng.TestNG.runSuites(TestNG.java:1049)<br />
              org.testng.TestNG.run(TestNG.java:1017)<br />
              org.testng.remote.AbstractRemoteTestNG.run(AbstractRemoteTestNG.java:115)<br />
              org.testng.remote.RemoteTestNG.initAndRun(RemoteTestNG.java:251)<br />
              org.testng.remote.RemoteTestNG.main(RemoteTestNG.java:77)<br />
                </div>
      </td>
</tr>
<tr>
  <td class="method">
                  findCarTest
      </td>
  <td class="duration">
    13.192s
  </td>
  <td class="result">
        
          <i>Method arguments: </i><span class="arguments">"Maruti", "chrome", "Y"</span><br />
    
            <div class="testOutput">
                        <a href=Sun_Apr_04_22_15_08_IST_2021.jpg target="_blank">Screenshot link</a>
                                <br>
                                <a href=Sun_Apr_04_22_15_08_IST_2021.jpg target="_blank"><img src=Sun_Apr_04_22_15_08_IST_2021.jpg height=200 width=200></a>
                  </div>
    

        <a href="javascript:toggleElement('exception-1', 'block')" title="Click to expand/collapse"><b>org.openqa.selenium.StaleElementReferenceException: stale element reference: element is not attached to the page document<br/>
&nbsp; (Session info: chrome=89.0.4389.114)<br/>
For documentation on this error, please visit: https://www.seleniumhq.org/exceptions/stale_element_reference.html<br/>
Build info: version: &apos;3.141.59&apos;, revision: &apos;e82be7d358&apos;, time: &apos;2018-11-14T08:17:03&apos;<br/>
System info: host: &apos;DESKTOP-U49T2LA&apos;, ip: &apos;192.168.0.24&apos;, os.name: &apos;Windows 10&apos;, os.arch: &apos;amd64&apos;, os.version: &apos;10.0&apos;, java.version: &apos;11.0.8&apos;<br/>
Driver info: org.openqa.selenium.chrome.ChromeDriver<br/>
Capabilities {acceptInsecureCerts: false, browserName: chrome, browserVersion: 89.0.4389.114, chrome: {chromedriverVersion: 89.0.4389.23 (61b08ee2c5002..., userDataDir: C:\Users\CEPL\AppData\Local...}, goog:chromeOptions: {debuggerAddress: localhost:51316}, javascriptEnabled: true, networkConnectionEnabled: false, pageLoadStrategy: normal, platform: WINDOWS, platformName: WINDOWS, proxy: Proxy(), setWindowRect: true, strictFileInteractability: false, timeouts: {implicit: 0, pageLoad: 300000, script: 30000}, unhandledPromptBehavior: dismiss and notify, webauthn:extension:largeBlob: true, webauthn:virtualAuthenticators: true}<br/>
Session ID: 7285590018468023cf3128a0e4074586</b></a><br />
    <div class="stackTrace" id="exception-1">
              java.base/jdk.internal.reflect.NativeConstructorAccessorImpl.newInstance0(Native Method)<br />
              java.base/jdk.internal.reflect.NativeConstructorAccessorImpl.newInstance(NativeConstructorAccessorImpl.java:62)<br />
              java.base/jdk.internal.reflect.DelegatingConstructorAccessorImpl.newInstance(DelegatingConstructorAccessorImpl.java:45)<br />
              java.base/java.lang.reflect.Constructor.newInstance(Constructor.java:490)<br />
              org.openqa.selenium.remote.http.W3CHttpResponseCodec.createException(W3CHttpResponseCodec.java:187)<br />
              org.openqa.selenium.remote.http.W3CHttpResponseCodec.decode(W3CHttpResponseCodec.java:122)<br />
              org.openqa.selenium.remote.http.W3CHttpResponseCodec.decode(W3CHttpResponseCodec.java:49)<br />
              org.openqa.selenium.remote.HttpCommandExecutor.execute(HttpCommandExecutor.java:158)<br />
              org.openqa.selenium.remote.service.DriverCommandExecutor.execute(DriverCommandExecutor.java:83)<br />
              org.openqa.selenium.remote.RemoteWebDriver.execute(RemoteWebDriver.java:552)<br />
              org.openqa.selenium.remote.RemoteWebElement.execute(RemoteWebElement.java:285)<br />
              org.openqa.selenium.remote.RemoteWebElement.click(RemoteWebElement.java:84)<br />
              java.base/jdk.internal.reflect.NativeMethodAccessorImpl.invoke0(Native Method)<br />
              java.base/jdk.internal.reflect.NativeMethodAccessorImpl.invoke(NativeMethodAccessorImpl.java:62)<br />
              java.base/jdk.internal.reflect.DelegatingMethodAccessorImpl.invoke(DelegatingMethodAccessorImpl.java:43)<br />
              java.base/java.lang.reflect.Method.invoke(Method.java:566)<br />
              org.openqa.selenium.support.pagefactory.internal.LocatingElementHandler.invoke(LocatingElementHandler.java:51)<br />
              com.sun.proxy.$Proxy13.click(Unknown Source)<br />
              pages.HomePage.findNewCar(HomePage.java:29)<br />
              testcases.CarPriceTest.findCarTest(CarPriceTest.java:53)<br />
              java.base/jdk.internal.reflect.NativeMethodAccessorImpl.invoke0(Native Method)<br />
              java.base/jdk.internal.reflect.NativeMethodAccessorImpl.invoke(NativeMethodAccessorImpl.java:62)<br />
              java.base/jdk.internal.reflect.DelegatingMethodAccessorImpl.invoke(DelegatingMethodAccessorImpl.java:43)<br />
              java.base/java.lang.reflect.Method.invoke(Method.java:566)<br />
              org.testng.internal.MethodInvocationHelper.invokeMethod(MethodInvocationHelper.java:124)<br />
              org.testng.internal.Invoker.invokeMethod(Invoker.java:583)<br />
              org.testng.internal.Invoker.invokeTestMethod(Invoker.java:719)<br />
              org.testng.internal.Invoker.invokeTestMethods(Invoker.java:989)<br />
              org.testng.internal.TestMethodWorker.invokeTestMethods(TestMethodWorker.java:125)<br />
              org.testng.internal.TestMethodWorker.run(TestMethodWorker.java:109)<br />
              org.testng.TestRunner.privateRun(TestRunner.java:648)<br />
              org.testng.TestRunner.run(TestRunner.java:505)<br />
              org.testng.SuiteRunner.runTest(SuiteRunner.java:455)<br />
              org.testng.SuiteRunner.runSequentially(SuiteRunner.java:450)<br />
              org.testng.SuiteRunner.privateRun(SuiteRunner.java:415)<br />
              org.testng.SuiteRunner.run(SuiteRunner.java:364)<br />
              org.testng.SuiteRunnerWorker.runSuite(SuiteRunnerWorker.java:52)<br />
              org.testng.SuiteRunnerWorker.run(SuiteRunnerWorker.java:84)<br />
              org.testng.TestNG.runSuitesSequentially(TestNG.java:1208)<br />
              org.testng.TestNG.runSuitesLocally(TestNG.java:1137)<br />
              org.testng.TestNG.runSuites(TestNG.java:1049)<br />
              org.testng.TestNG.run(TestNG.java:1017)<br />
              org.testng.remote.AbstractRemoteTestNG.run(AbstractRemoteTestNG.java:115)<br />
              org.testng.remote.RemoteTestNG.initAndRun(RemoteTestNG.java:251)<br />
              org.testng.remote.RemoteTestNG.main(RemoteTestNG.java:77)<br />
                </div>
      </td>
</tr>
      </table>

  <table class="resultsTable" width="100%">
    <tr><th colspan="3" class="header skipped">Skipped Tests</th></tr>
          <tr>
        <td colspan="3" class="group">testcases.CarPriceTest</td>
      </tr>
            
<tr>
  <td class="method">
                  findCarTest
      </td>
  <td class="duration">
    0.006s
  </td>
  <td class="result">
                                 	<i>Reason: </i>
      	<span class="dependency">Skipping the test as the run mode is NO</span>
          
          <i>Method arguments: </i><span class="arguments">"Hyundai", "chrome", "N"</span><br />
    
        

      </td>
</tr>
<tr>
  <td class="method">
                  findCarTest
      </td>
  <td class="duration">
    0.005s
  </td>
  <td class="result">
                                 	<i>Reason: </i>
      	<span class="dependency">Skipping the test as the run mode is NO</span>
          
          <i>Method arguments: </i><span class="arguments">"Kia", "chrome", "N"</span><br />
    
        

      </td>
</tr>
      </table>

  
</body>
</html>
